<testconfig>
    <hello>some string</hello>
    <booleanValue>true</booleanValue>
    <intValue>4711</intValue>
    <longValue>5432</longValue>
</testconfig>